[debug] [2022-03-18T18:16:41.995Z] ----------------------------------------------------------------------
[debug] [2022-03-18T18:16:41.996Z] Command:       C:\Program Files\nodejs\node.exe C:\Users\cherf\AppData\Roaming\npm\node_modules\firebase-tools\lib\bin\firebase.js init
[debug] [2022-03-18T18:16:41.996Z] CLI Version:   10.2.2
[debug] [2022-03-18T18:16:41.996Z] Platform:      win32
[debug] [2022-03-18T18:16:41.997Z] Node Version:  v14.17.4
[debug] [2022-03-18T18:16:41.997Z] Time:          Fri Mar 18 2022 14:16:41 GMT-0400 (Eastern Daylight Time)
[debug] [2022-03-18T18:16:41.997Z] ----------------------------------------------------------------------
[debug] 
[debug] [2022-03-18T18:16:42.046Z] > command requires scopes: ["email","openid","https://www.googleapis.com/auth/cloudplatformprojects.readonly","https://www.googleapis.com/auth/firebase","https://www.googleapis.com/auth/cloud-platform"]
[debug] [2022-03-18T18:16:42.046Z] > authorizing via signed-in user (cherfaskylar@gmail.com)
[info] 
     ######## #### ########  ######## ########     ###     ######  ########
     ##        ##  ##     ## ##       ##     ##  ##   ##  ##       ##
     ######    ##  ########  ######   ########  #########  ######  ######
     ##        ##  ##    ##  ##       ##     ## ##     ##       ## ##
     ##       #### ##     ## ######## ########  ##     ##  ######  ########

You're about to initialize a Firebase project in this directory:

  C:\Users\cherf\projects\metrodao

Before we get started, keep in mind:

  * You are initializing within an existing Firebase project directory

[info] 
=== Project Setup
[info] 
[info] First, let's associate this project directory with a Firebase project.
[info] You can create multiple project aliases by running firebase use --add, 
[info] but for now we'll just set up a default project.
[info] 
[debug] [2022-03-18T18:16:52.190Z] Using project from CLI flag: metrodao-5f654
[debug] [2022-03-18T18:16:52.192Z] >>> [apiv2][query] GET https://firebase.googleapis.com/v1beta1/projects/metrodao-5f654 [none]
[debug] [2022-03-18T18:16:52.504Z] <<< [apiv2][status] GET https://firebase.googleapis.com/v1beta1/projects/metrodao-5f654 200
[debug] [2022-03-18T18:16:52.504Z] <<< [apiv2][body] GET https://firebase.googleapis.com/v1beta1/projects/metrodao-5f654 {"projectId":"metrodao-5f654","projectNumber":"710630119093","displayName":"metrodao","name":"projects/metrodao-5f654","resources":{"hostingSite":"metrodao-5f654","storageBucket":"metrodao-5f654.appspot.com","locationId":"us-central"},"state":"ACTIVE"}
[info] i  Using project metrodao-5f654 (metrodao) 
[info] 
=== Hosting Setup
[info] 
[info] Your public directory is the folder (relative to your project directory) that
[info] will contain Hosting assets to be uploaded with firebase deploy. If you
[info] have a build process for your assets, use your build's output directory.
[info] 
